2019-08-30 at 11:08:19 CST INFO  org.springframework.web.context.ContextLoader.initWebApplicationContext @270 :-> Root WebApplicationContext: initialization started
2019-08-30 at 11:08:26 CST INFO  org.hibernate.validator.internal.util.Version.<clinit> @30 :-> HV000001: Hibernate Validator 5.4.1.Final
2019-08-30 at 11:08:27 CST INFO  org.springframework.web.context.ContextLoader.initWebApplicationContext @306 :-> Root WebApplicationContext initialized in 8770 ms
2019-08-30 at 11:08:28 CST INFO  org.springframework.web.servlet.FrameworkServlet.initServletBean @524 :-> Initializing Servlet 'dispatcherServlet'
2019-08-30 at 11:08:28 CST INFO  org.springframework.web.servlet.FrameworkServlet.initServletBean @546 :-> Completed initialization in 425 ms
2019-08-30 at 11:08:32 CST WARN  org.springframework.web.servlet.DispatcherServlet.noHandlerFound @1248 :-> No mapping for GET /favicon.ico
2019-08-30 at 11:10:20 CST INFO  org.springframework.web.context.ContextLoader.initWebApplicationContext @270 :-> Root WebApplicationContext: initialization started
2019-08-30 at 11:10:26 CST INFO  org.hibernate.validator.internal.util.Version.<clinit> @30 :-> HV000001: Hibernate Validator 5.4.1.Final
2019-08-30 at 11:10:27 CST INFO  org.springframework.web.context.ContextLoader.initWebApplicationContext @306 :-> Root WebApplicationContext initialized in 6596 ms
2019-08-30 at 11:10:27 CST INFO  org.springframework.web.servlet.FrameworkServlet.initServletBean @524 :-> Initializing Servlet 'dispatcherServlet'
2019-08-30 at 11:10:28 CST INFO  org.springframework.web.servlet.FrameworkServlet.initServletBean @546 :-> Completed initialization in 605 ms
2019-08-30 at 11:11:32 CST INFO  cn.smbms.controller.providerController.showView @133 :-> SHOW PROVIDER VIEW NOW ID ========== 1
2019-08-30 at 11:11:36 CST INFO  cn.smbms.controller.providerController.toSaveModifyPage @142 :-> GO TO MODIFY PAGE BY PROVIDER ======
2019-08-30 at 11:11:42 CST INFO  cn.smbms.controller.providerController.toSaveModifyPage @142 :-> GO TO MODIFY PAGE BY PROVIDER ======
2019-08-30 at 11:11:46 CST INFO  cn.smbms.controller.providerController.saveModify @151 :-> SAVE MODIFY NOW======
2019-08-30 at 11:11:46 CST INFO  cn.smbms.controller.providerController.saveModify @157 :-> SAVE MODIFY SUCCESS=====
2019-08-30 at 11:11:51 CST WARN  org.springframework.web.servlet.DispatcherServlet.noHandlerFound @1248 :-> No mapping for GET /jsp/provider.do
2019-08-30 at 11:11:52 CST WARN  org.springframework.web.servlet.DispatcherServlet.noHandlerFound @1248 :-> No mapping for GET /jsp/provider.do
2019-08-30 at 11:23:15 CST INFO  org.springframework.web.context.ContextLoader.initWebApplicationContext @270 :-> Root WebApplicationContext: initialization started
2019-08-30 at 11:23:22 CST INFO  org.hibernate.validator.internal.util.Version.<clinit> @30 :-> HV000001: Hibernate Validator 5.4.1.Final
2019-08-30 at 11:23:24 CST INFO  org.springframework.web.context.ContextLoader.initWebApplicationContext @306 :-> Root WebApplicationContext initialized in 8597 ms
2019-08-30 at 11:23:24 CST INFO  org.springframework.web.servlet.FrameworkServlet.initServletBean @524 :-> Initializing Servlet 'dispatcherServlet'
2019-08-30 at 11:23:25 CST INFO  org.springframework.web.servlet.FrameworkServlet.initServletBean @546 :-> Completed initialization in 668 ms
2019-08-30 at 11:23:56 CST WARN  org.springframework.web.servlet.DispatcherServlet.noHandlerFound @1248 :-> No mapping for GET /jsp/provider.do
2019-08-30 at 11:24:39 CST INFO  cn.smbms.controller.providerController.toAddProviderPage @54 :-> TO ADD PROVIDER PAGE ======
2019-08-30 at 11:24:58 CST INFO  cn.smbms.controller.providerController.toAddProvider @109 :-> ADD PROVIDER NOW=====
2019-08-30 at 14:21:24 CST INFO  org.springframework.web.context.ContextLoader.initWebApplicationContext @270 :-> Root WebApplicationContext: initialization started
2019-08-30 at 14:21:41 CST INFO  org.hibernate.validator.internal.util.Version.<clinit> @30 :-> HV000001: Hibernate Validator null
2019-08-30 at 14:21:44 CST INFO  org.springframework.web.context.ContextLoader.initWebApplicationContext @306 :-> Root WebApplicationContext initialized in 20659 ms
2019-08-30 at 14:21:45 CST INFO  org.springframework.web.servlet.FrameworkServlet.initServletBean @524 :-> Initializing Servlet 'dispatcherServlet'
2019-08-30 at 14:21:46 CST INFO  org.springframework.web.servlet.FrameworkServlet.initServletBean @546 :-> Completed initialization in 694 ms
2019-08-30 at 14:21:51 CST WARN  org.springframework.web.servlet.DispatcherServlet.noHandlerFound @1248 :-> No mapping for GET /favicon.ico
2019-08-30 at 14:22:06 CST INFO  cn.smbms.controller.BillController.getBillList @29 :-> get bill list ============
2019-08-30 at 14:22:34 CST INFO  cn.smbms.controller.BillController.getBillList @29 :-> get bill list ============
2019-08-30 at 14:22:36 CST INFO  cn.smbms.controller.BillController.getBillList @29 :-> get bill list ============
2019-08-30 at 14:22:40 CST INFO  cn.smbms.controller.BillController.getBillList @29 :-> get bill list ============
2019-08-30 at 14:22:42 CST INFO  cn.smbms.controller.BillController.getBillList @29 :-> get bill list ============
2019-08-30 at 14:22:45 CST INFO  cn.smbms.controller.BillController.getBillList @29 :-> get bill list ============
2019-08-30 at 14:22:48 CST INFO  cn.smbms.controller.BillController.getBillList @29 :-> get bill list ============
2019-08-30 at 14:22:50 CST INFO  cn.smbms.controller.BillController.getBillList @29 :-> get bill list ============
2019-08-30 at 14:22:53 CST INFO  cn.smbms.controller.BillController.getBillList @29 :-> get bill list ============
2019-08-30 at 14:22:55 CST INFO  cn.smbms.controller.BillController.getBillList @29 :-> get bill list ============
2019-08-30 at 14:22:57 CST INFO  cn.smbms.controller.BillController.getBillList @29 :-> get bill list ============
2019-08-30 at 14:23:02 CST INFO  cn.smbms.controller.BillController.getBillList @29 :-> get bill list ============
2019-08-30 at 14:23:10 CST INFO  cn.smbms.controller.BillController.getBillList @29 :-> get bill list ============
2019-08-30 at 14:23:45 CST INFO  cn.smbms.controller.BillController.getBillList @29 :-> get bill list ============
2019-08-30 at 14:23:48 CST INFO  cn.smbms.controller.BillController.getBillList @29 :-> get bill list ============
2019-08-30 at 14:23:49 CST INFO  cn.smbms.controller.BillController.getBillList @29 :-> get bill list ============
2019-08-30 at 14:23:51 CST INFO  cn.smbms.controller.BillController.getBillList @29 :-> get bill list ============
2019-08-30 at 14:23:57 CST INFO  cn.smbms.controller.BillController.getBillList @29 :-> get bill list ============
2019-08-30 at 14:32:09 CST INFO  cn.smbms.controller.BillController.getBillList @33 :-> get bill list ============
2019-08-30 at 14:32:13 CST INFO  cn.smbms.controller.BillController.getBillList @33 :-> get bill list ============
2019-08-30 at 14:32:15 CST INFO  cn.smbms.controller.BillController.getBillList @35 :-> get bill list ============
2019-08-30 at 14:32:16 CST WARN  org.springframework.web.servlet.DispatcherServlet.noHandlerFound @1248 :-> No mapping for GET /bill/goAdd
2019-08-30 at 14:32:49 CST INFO  cn.smbms.controller.BillController.goAddPage @70 :-> go add page===========
2019-08-30 at 14:32:50 CST INFO  cn.smbms.controller.BillController.getProviders @93 :-> get providers Ajax=======
2019-08-30 at 14:32:53 CST INFO  cn.smbms.controller.BillController.getBillList @35 :-> get bill list ============
2019-08-30 at 14:32:54 CST INFO  cn.smbms.controller.BillController.goAddPage @70 :-> go add page===========
2019-08-30 at 14:32:54 CST INFO  cn.smbms.controller.BillController.getProviders @93 :-> get providers Ajax=======
2019-08-30 at 14:33:31 CST INFO  cn.smbms.controller.BillController.saveAdd @79 :-> save add ========
2019-08-30 at 14:33:31 CST INFO  cn.smbms.controller.BillController.getBillList @35 :-> get bill list ============
2019-08-30 at 14:46:41 CST INFO  org.springframework.web.context.ContextLoader.initWebApplicationContext @270 :-> Root WebApplicationContext: initialization started
2019-08-30 at 14:46:49 CST INFO  org.hibernate.validator.internal.util.Version.<clinit> @30 :-> HV000001: Hibernate Validator null
2019-08-30 at 14:46:51 CST INFO  org.springframework.web.context.ContextLoader.initWebApplicationContext @306 :-> Root WebApplicationContext initialized in 9707 ms
2019-08-30 at 14:46:52 CST INFO  org.springframework.web.servlet.FrameworkServlet.initServletBean @524 :-> Initializing Servlet 'dispatcherServlet'
2019-08-30 at 14:46:52 CST INFO  org.springframework.web.servlet.FrameworkServlet.initServletBean @546 :-> Completed initialization in 653 ms
2019-08-30 at 14:47:13 CST WARN  org.springframework.web.servlet.DispatcherServlet.noHandlerFound @1248 :-> No mapping for GET /favicon.ico
2019-08-30 at 14:48:25 CST INFO  cn.smbms.controller.BillController.getBillList @40 :-> get bill list ============
2019-08-30 at 14:48:35 CST WARN  org.springframework.web.servlet.DispatcherServlet.noHandlerFound @1248 :-> No mapping for GET /jsp/bill.do
2019-08-30 at 14:49:24 CST INFO  cn.smbms.controller.BillController.getBillList @40 :-> get bill list ============
2019-08-30 at 14:49:27 CST WARN  org.springframework.web.servlet.DispatcherServlet.noHandlerFound @1248 :-> No mapping for GET /jsp/bill/toModify
2019-08-30 at 14:50:04 CST WARN  org.springframework.web.servlet.DispatcherServlet.noHandlerFound @1248 :-> No mapping for GET /jsp/bill/toModify
2019-08-30 at 14:50:06 CST INFO  cn.smbms.controller.BillController.getBillList @40 :-> get bill list ============
2019-08-30 at 14:50:07 CST INFO  cn.smbms.controller.BillController.getBillList @40 :-> get bill list ============
2019-08-30 at 14:50:11 CST INFO  cn.smbms.controller.BillController.goToModifyPage @111 :-> go to modify page=======
2019-08-30 at 14:51:30 CST INFO  cn.smbms.controller.BillController.getBillList @40 :-> get bill list ============
2019-08-30 at 14:51:32 CST INFO  cn.smbms.controller.BillController.goToModifyPage @111 :-> go to modify page=======
2019-08-30 at 14:51:33 CST INFO  cn.smbms.controller.BillController.getProviders @101 :-> get providers Ajax=======
2019-08-30 at 14:52:03 CST INFO  cn.smbms.controller.BillController.saveModify @122 :-> do save modify bill
2019-08-30 at 14:52:03 CST INFO  cn.smbms.controller.BillController.getBillList @40 :-> get bill list ============
2019-08-30 at 14:56:26 CST INFO  cn.smbms.controller.BillController.getBillList @41 :-> get bill list ============
2019-08-30 at 14:56:32 CST INFO  cn.smbms.controller.BillController.getBillList @41 :-> get bill list ============
2019-08-30 at 14:57:05 CST INFO  cn.smbms.controller.BillController.getBillList @41 :-> get bill list ============
2019-08-30 at 15:00:27 CST INFO  cn.smbms.controller.BillController.getBillList @43 :-> get bill list ============
2019-08-30 at 15:00:32 CST INFO  cn.smbms.controller.BillController.getBillList @43 :-> get bill list ============
2019-08-30 at 15:00:38 CST INFO  cn.smbms.controller.BillController.getBillList @43 :-> get bill list ============
2019-08-30 at 15:35:37 CST INFO  cn.smbms.controller.BillController.getBillList @43 :-> get bill list ============
2019-08-30 at 15:35:39 CST INFO  cn.smbms.controller.RoleController.roleList @36 :-> role list=====
2019-08-30 at 15:35:43 CST INFO  cn.smbms.controller.RoleController.goToAddPage @47 :-> go to add page=====
2019-08-30 at 15:35:45 CST INFO  cn.smbms.controller.RoleController.checkCode @57 :-> check code exist=====
2019-08-30 at 15:35:48 CST INFO  cn.smbms.controller.RoleController.checkCode @57 :-> check code exist=====
2019-08-30 at 15:35:50 CST INFO  cn.smbms.controller.RoleController.checkCode @57 :-> check code exist=====
2019-08-30 at 15:35:52 CST INFO  cn.smbms.controller.RoleController.checkCode @57 :-> check code exist=====
2019-08-30 at 15:35:54 CST INFO  cn.smbms.controller.RoleController.checkCode @57 :-> check code exist=====
2019-08-30 at 15:35:58 CST INFO  cn.smbms.controller.RoleController.checkCode @57 :-> check code exist=====
2019-08-30 at 15:36:06 CST WARN  org.springframework.web.servlet.handler.AbstractHandlerExceptionResolver.logException @197 :-> Resolved [org.springframework.web.bind.MissingServletRequestParameterException: Required String parameter 'roleCode' is not present]
2019-08-30 at 15:36:44 CST INFO  cn.smbms.controller.RoleController.goToAddPage @47 :-> go to add page=====
2019-08-30 at 15:36:44 CST INFO  cn.smbms.controller.RoleController.goToAddPage @47 :-> go to add page=====
2019-08-30 at 15:36:45 CST INFO  cn.smbms.controller.RoleController.checkCode @57 :-> check code exist=====
2019-08-30 at 15:36:46 CST INFO  cn.smbms.controller.RoleController.goToAddPage @47 :-> go to add page=====
2019-08-30 at 15:36:46 CST INFO  cn.smbms.controller.RoleController.checkCode @57 :-> check code exist=====
2019-08-30 at 15:36:48 CST INFO  cn.smbms.controller.RoleController.checkCode @57 :-> check code exist=====
2019-08-30 at 15:37:14 CST INFO  cn.smbms.controller.RoleController.goToAddPage @47 :-> go to add page=====
2019-08-30 at 15:37:15 CST INFO  cn.smbms.controller.RoleController.checkCode @57 :-> check code exist=====
2019-08-30 at 15:37:21 CST INFO  cn.smbms.controller.RoleController.checkCode @57 :-> check code exist=====SMBMS_NEW
2019-08-30 at 15:37:25 CST INFO  cn.smbms.controller.RoleController.checkCode @57 :-> check code exist=====SMBMS_NEW
2019-08-30 at 15:37:40 CST INFO  cn.smbms.controller.RoleController.checkCode @57 :-> check code exist=====SMBMS_NEW
2019-08-30 at 15:37:41 CST INFO  cn.smbms.controller.RoleController.goToAddPage @47 :-> go to add page=====
2019-08-30 at 15:37:41 CST INFO  cn.smbms.controller.RoleController.checkCode @57 :-> check code exist=====
2019-08-30 at 15:37:48 CST INFO  cn.smbms.controller.RoleController.checkCode @57 :-> check code exist=====SMBMS_NEW
2019-08-30 at 15:37:52 CST INFO  cn.smbms.controller.RoleController.checkCode @57 :-> check code exist=====SMBMS_OLD
2019-08-30 at 15:37:59 CST INFO  cn.smbms.controller.RoleController.saveAdd @69 :-> save role add======
2019-08-30 at 15:38:11 CST INFO  cn.smbms.controller.RoleController.checkCode @57 :-> check code exist=====SMBMS_OLD
2019-08-30 at 15:38:19 CST INFO  cn.smbms.controller.BillController.getBillList @43 :-> get bill list ============
2019-08-30 at 15:38:20 CST INFO  cn.smbms.controller.RoleController.roleList @36 :-> role list=====
2019-08-30 at 15:38:21 CST INFO  cn.smbms.controller.RoleController.goToAddPage @47 :-> go to add page=====
2019-08-30 at 15:38:26 CST INFO  cn.smbms.controller.RoleController.checkCode @57 :-> check code exist=====SMBMS_NEW
2019-08-30 at 15:38:29 CST INFO  cn.smbms.controller.RoleController.checkCode @57 :-> check code exist=====SMBMS_OLD
2019-08-30 at 15:38:33 CST INFO  cn.smbms.controller.RoleController.saveAdd @69 :-> save role add======
2019-08-30 at 15:41:43 CST INFO  cn.smbms.controller.RoleController.checkCode @57 :-> check code exist=====SMBMS_OLD
2019-08-30 at 15:41:43 CST INFO  cn.smbms.controller.RoleController.goToAddPage @47 :-> go to add page=====
2019-08-30 at 15:41:44 CST INFO  cn.smbms.controller.RoleController.goToAddPage @47 :-> go to add page=====
2019-08-30 at 15:41:45 CST INFO  cn.smbms.controller.RoleController.goToAddPage @47 :-> go to add page=====
2019-08-30 at 15:41:48 CST INFO  cn.smbms.controller.RoleController.checkCode @57 :-> check code exist=====1
2019-08-30 at 15:41:51 CST INFO  cn.smbms.controller.RoleController.saveAdd @69 :-> save role add======
2019-08-30 at 15:41:51 CST INFO  cn.smbms.controller.RoleController.roleList @36 :-> role list=====
2019-08-30 at 15:57:38 CST INFO  cn.smbms.controller.RoleController.roleList @36 :-> role list=====
2019-08-30 at 15:57:43 CST INFO  cn.smbms.controller.RoleController.roleList @36 :-> role list=====
2019-08-30 at 15:57:44 CST INFO  cn.smbms.controller.RoleController.goToModifyPage @83 :-> go modify page=====
2019-08-30 at 15:58:28 CST INFO  cn.smbms.controller.RoleController.goToModifyPage @83 :-> go modify page=====
2019-08-30 at 15:58:28 CST INFO  cn.smbms.controller.RoleController.goToModifyPage @83 :-> go modify page=====
2019-08-30 at 15:58:28 CST INFO  cn.smbms.controller.RoleController.goToModifyPage @83 :-> go modify page=====
2019-08-30 at 15:58:29 CST INFO  cn.smbms.controller.RoleController.goToModifyPage @83 :-> go modify page=====
2019-08-30 at 15:58:29 CST INFO  cn.smbms.controller.RoleController.goToModifyPage @83 :-> go modify page=====
2019-08-30 at 15:58:29 CST INFO  cn.smbms.controller.RoleController.goToModifyPage @83 :-> go modify page=====
2019-08-30 at 15:58:29 CST INFO  cn.smbms.controller.RoleController.goToModifyPage @83 :-> go modify page=====
2019-08-30 at 15:58:29 CST INFO  cn.smbms.controller.RoleController.goToModifyPage @83 :-> go modify page=====
2019-08-30 at 15:58:29 CST INFO  cn.smbms.controller.RoleController.goToModifyPage @83 :-> go modify page=====
2019-08-30 at 15:58:30 CST INFO  cn.smbms.controller.RoleController.goToModifyPage @83 :-> go modify page=====
2019-08-30 at 15:58:30 CST INFO  cn.smbms.controller.RoleController.goToModifyPage @83 :-> go modify page=====
2019-08-30 at 15:58:30 CST INFO  cn.smbms.controller.RoleController.goToModifyPage @83 :-> go modify page=====
2019-08-30 at 15:58:30 CST INFO  cn.smbms.controller.RoleController.goToModifyPage @83 :-> go modify page=====
2019-08-30 at 15:58:30 CST INFO  cn.smbms.controller.RoleController.goToModifyPage @83 :-> go modify page=====
2019-08-30 at 15:58:34 CST INFO  cn.smbms.controller.RoleController.saveModify @94 :-> save modify role=====
2019-08-30 at 16:05:04 CST INFO  cn.smbms.controller.RoleController.saveModify @94 :-> save modify role=====
2019-08-30 at 16:07:31 CST INFO  cn.smbms.controller.RoleController.roleList @36 :-> role list=====
2019-08-30 at 16:07:32 CST INFO  cn.smbms.controller.RoleController.roleList @36 :-> role list=====
2019-08-30 at 16:07:33 CST INFO  cn.smbms.controller.RoleController.goToModifyPage @83 :-> go modify page=====
2019-08-30 at 16:07:38 CST INFO  cn.smbms.controller.RoleController.saveModify @94 :-> save modify role=====
2019-08-30 at 16:07:39 CST INFO  cn.smbms.controller.RoleController.roleList @36 :-> role list=====
2019-08-30 at 16:20:16 CST INFO  cn.smbms.controller.RoleController.roleList @36 :-> role list=====
2019-08-30 at 16:20:33 CST INFO  cn.smbms.controller.RoleController.roleList @36 :-> role list=====
2019-08-30 at 16:20:34 CST INFO  cn.smbms.controller.RoleController.roleList @36 :-> role list=====
2019-08-30 at 16:20:34 CST INFO  cn.smbms.controller.RoleController.roleList @36 :-> role list=====
2019-08-30 at 16:21:04 CST INFO  cn.smbms.controller.RoleController.roleList @36 :-> role list=====
2019-08-30 at 16:21:05 CST INFO  cn.smbms.controller.RoleController.roleList @36 :-> role list=====
2019-08-30 at 16:21:06 CST INFO  cn.smbms.controller.RoleController.roleList @36 :-> role list=====
2019-08-30 at 16:21:09 CST INFO  cn.smbms.controller.RoleController.deleteRole @109 :-> delete role Ajax========5
2019-08-30 at 16:21:16 CST INFO  cn.smbms.controller.RoleController.roleList @36 :-> role list=====
2019-08-30 at 16:22:05 CST INFO  cn.smbms.controller.RoleController.roleList @36 :-> role list=====
2019-08-30 at 16:22:07 CST INFO  cn.smbms.controller.RoleController.deleteRole @109 :-> delete role Ajax========5
2019-08-30 at 16:23:11 CST INFO  cn.smbms.controller.RoleController.roleList @36 :-> role list=====
2019-08-30 at 16:23:14 CST INFO  cn.smbms.controller.RoleController.deleteRole @109 :-> delete role Ajax========5
2019-08-30 at 16:23:19 CST INFO  cn.smbms.controller.RoleController.deleteRole @109 :-> delete role Ajax========1
2019-08-30 at 16:23:21 CST INFO  cn.smbms.controller.RoleController.roleList @36 :-> role list=====
2019-08-30 at 16:23:22 CST INFO  cn.smbms.controller.RoleController.roleList @36 :-> role list=====
2019-08-30 at 16:23:35 CST INFO  cn.smbms.controller.RoleController.roleList @36 :-> role list=====
2019-08-30 at 16:23:42 CST INFO  cn.smbms.controller.UserController.getUserList @47 :-> getUserList ----> queryUserName:null
2019-08-30 at 16:23:42 CST INFO  cn.smbms.controller.UserController.getUserList @48 :-> getUserList ----> queryUserRole:null
2019-08-30 at 16:23:42 CST INFO  cn.smbms.controller.UserController.getUserList @49 :-> getUserList ----> pageIndex:null
2019-08-30 at 16:23:46 CST INFO  cn.smbms.controller.UserController.getUserList @47 :-> getUserList ----> queryUserName:
2019-08-30 at 16:23:46 CST INFO  cn.smbms.controller.UserController.getUserList @48 :-> getUserList ----> queryUserRole:0
2019-08-30 at 16:23:46 CST INFO  cn.smbms.controller.UserController.getUserList @49 :-> getUserList ----> pageIndex:2
2019-08-30 at 16:23:49 CST INFO  cn.smbms.controller.RoleController.roleList @36 :-> role list=====
2019-08-30 at 16:23:53 CST INFO  cn.smbms.controller.UserController.getUserList @47 :-> getUserList ----> queryUserName:null
2019-08-30 at 16:23:53 CST INFO  cn.smbms.controller.UserController.getUserList @48 :-> getUserList ----> queryUserRole:null
2019-08-30 at 16:23:53 CST INFO  cn.smbms.controller.UserController.getUserList @49 :-> getUserList ----> pageIndex:null
2019-08-30 at 16:23:54 CST INFO  cn.smbms.controller.UserController.getUserList @47 :-> getUserList ----> queryUserName:
2019-08-30 at 16:23:54 CST INFO  cn.smbms.controller.UserController.getUserList @48 :-> getUserList ----> queryUserRole:0
2019-08-30 at 16:23:54 CST INFO  cn.smbms.controller.UserController.getUserList @49 :-> getUserList ----> pageIndex:2
2019-08-30 at 16:23:56 CST INFO  cn.smbms.controller.UserController.getUserList @47 :-> getUserList ----> queryUserName:
2019-08-30 at 16:23:56 CST INFO  cn.smbms.controller.UserController.getUserList @48 :-> getUserList ----> queryUserRole:0
2019-08-30 at 16:23:56 CST INFO  cn.smbms.controller.UserController.getUserList @49 :-> getUserList ----> pageIndex:1
2019-08-30 at 16:23:59 CST INFO  cn.smbms.controller.UserController.getUserList @47 :-> getUserList ----> queryUserName:null
2019-08-30 at 16:23:59 CST INFO  cn.smbms.controller.UserController.getUserList @48 :-> getUserList ----> queryUserRole:null
2019-08-30 at 16:23:59 CST INFO  cn.smbms.controller.UserController.getUserList @49 :-> getUserList ----> pageIndex:null
2019-08-30 at 16:24:00 CST INFO  cn.smbms.controller.RoleController.roleList @36 :-> role list=====
2019-08-30 at 16:24:37 CST INFO  cn.smbms.controller.RoleController.roleList @36 :-> role list=====
2019-08-30 at 16:24:40 CST INFO  cn.smbms.controller.RoleController.goToAddPage @47 :-> go to add page=====
2019-08-30 at 16:24:49 CST INFO  cn.smbms.controller.RoleController.checkCode @57 :-> check code exist=====SMBMS_ADMIN
2019-08-30 at 16:24:55 CST INFO  cn.smbms.controller.RoleController.saveAdd @69 :-> save role add======
2019-08-30 at 16:24:55 CST INFO  cn.smbms.controller.RoleController.roleList @36 :-> role list=====
2019-08-30 at 16:25:00 CST INFO  cn.smbms.controller.UserController.getUserList @47 :-> getUserList ----> queryUserName:null
2019-08-30 at 16:25:00 CST INFO  cn.smbms.controller.UserController.getUserList @48 :-> getUserList ----> queryUserRole:null
2019-08-30 at 16:25:00 CST INFO  cn.smbms.controller.UserController.getUserList @49 :-> getUserList ----> pageIndex:null
2019-08-30 at 16:25:02 CST INFO  cn.smbms.controller.UserController.toAddUserPage @101 :-> GO TO ADD USER PAGE ======
2019-08-30 at 16:25:19 CST INFO  cn.smbms.controller.UserController.AddUser @114 :-> uploadFile path ========> Z:\SpringMVC\smbms\src\main\webapp\images\uploadFiles
2019-08-30 at 16:25:20 CST INFO  cn.smbms.controller.UserController.getUserList @47 :-> getUserList ----> queryUserName:null
2019-08-30 at 16:25:20 CST INFO  cn.smbms.controller.UserController.getUserList @48 :-> getUserList ----> queryUserRole:null
2019-08-30 at 16:25:20 CST INFO  cn.smbms.controller.UserController.getUserList @49 :-> getUserList ----> pageIndex:null
2019-08-30 at 16:25:27 CST INFO  cn.smbms.controller.RoleController.roleList @36 :-> role list=====
2019-08-30 at 16:26:01 CST INFO  cn.smbms.controller.RoleController.deleteRole @109 :-> delete role Ajax========3
2019-08-30 at 16:26:05 CST INFO  cn.smbms.controller.RoleController.deleteRole @109 :-> delete role Ajax========6
2019-08-30 at 16:26:09 CST INFO  cn.smbms.controller.RoleController.deleteRole @109 :-> delete role Ajax========2
2019-08-30 at 16:26:12 CST INFO  cn.smbms.controller.UserController.getUserList @47 :-> getUserList ----> queryUserName:null
2019-08-30 at 16:26:12 CST INFO  cn.smbms.controller.UserController.getUserList @48 :-> getUserList ----> queryUserRole:null
2019-08-30 at 16:26:12 CST INFO  cn.smbms.controller.UserController.getUserList @49 :-> getUserList ----> pageIndex:null
2019-08-30 at 16:26:14 CST INFO  cn.smbms.controller.UserController.getUserList @47 :-> getUserList ----> queryUserName:null
2019-08-30 at 16:26:14 CST INFO  cn.smbms.controller.UserController.getUserList @48 :-> getUserList ----> queryUserRole:null
2019-08-30 at 16:26:14 CST INFO  cn.smbms.controller.UserController.getUserList @49 :-> getUserList ----> pageIndex:null
2019-08-30 at 16:26:20 CST INFO  cn.smbms.controller.RoleController.roleList @36 :-> role list=====
2019-08-30 at 16:26:23 CST INFO  cn.smbms.controller.RoleController.goToAddPage @47 :-> go to add page=====
2019-08-30 at 16:26:27 CST INFO  cn.smbms.controller.RoleController.checkCode @57 :-> check code exist=====SMBMS_ADMIN
2019-08-30 at 16:26:32 CST INFO  cn.smbms.controller.RoleController.saveAdd @69 :-> save role add======
2019-08-30 at 16:26:32 CST INFO  cn.smbms.controller.RoleController.roleList @36 :-> role list=====
2019-08-30 at 16:26:41 CST INFO  cn.smbms.controller.UserController.getUserList @47 :-> getUserList ----> queryUserName:null
2019-08-30 at 16:26:41 CST INFO  cn.smbms.controller.UserController.getUserList @48 :-> getUserList ----> queryUserRole:null
2019-08-30 at 16:26:41 CST INFO  cn.smbms.controller.UserController.getUserList @49 :-> getUserList ----> pageIndex:null
2019-08-30 at 16:26:43 CST INFO  cn.smbms.controller.UserController.getUserById @243 :-> TO USER MODIFY --> GET USER BY ID UID=====49
2019-08-30 at 16:26:50 CST WARN  org.springframework.web.servlet.handler.AbstractHandlerExceptionResolver.logException @197 :-> Resolved [org.springframework.validation.BindException: org.springframework.validation.BeanPropertyBindingResult: 1 errors
Field error in object 'user' on field 'birthday': rejected value [Mon Aug 06 00:00:00 CST 2001]; codes [typeMismatch.user.birthday,typeMismatch.birthday,typeMismatch.java.util.Date,typeMismatch]; arguments [org.springframework.context.support.DefaultMessageSourceResolvable: codes [user.birthday,birthday]; arguments []; default message [birthday]]; default message [Failed to convert property value of type 'java.lang.String' to required type 'java.util.Date' for property 'birthday'; nested exception is java.lang.IllegalArgumentException: Could not parse date: Unparseable date: "Mon Aug 06 00:00:00 CST 2001"]]
2019-08-30 at 16:26:58 CST INFO  cn.smbms.controller.UserController.getUserList @47 :-> getUserList ----> queryUserName:null
2019-08-30 at 16:26:58 CST INFO  cn.smbms.controller.UserController.getUserList @48 :-> getUserList ----> queryUserRole:null
2019-08-30 at 16:26:58 CST INFO  cn.smbms.controller.UserController.getUserList @49 :-> getUserList ----> pageIndex:null
2019-08-30 at 16:28:02 CST INFO  cn.smbms.controller.UserController.getUserList @47 :-> getUserList ----> queryUserName:null
2019-08-30 at 16:28:02 CST INFO  cn.smbms.controller.UserController.getUserList @48 :-> getUserList ----> queryUserRole:null
2019-08-30 at 16:28:02 CST INFO  cn.smbms.controller.UserController.getUserList @49 :-> getUserList ----> pageIndex:null
2019-08-30 at 16:28:05 CST INFO  cn.smbms.controller.RoleController.roleList @36 :-> role list=====
2019-08-30 at 16:28:07 CST INFO  cn.smbms.controller.RoleController.deleteRole @109 :-> delete role Ajax========7
2019-08-30 at 16:28:12 CST INFO  cn.smbms.controller.RoleController.deleteRole @109 :-> delete role Ajax========7
2019-08-30 at 16:28:12 CST INFO  cn.smbms.controller.RoleController.deleteRole @109 :-> delete role Ajax========7
2019-08-30 at 16:33:45 CST INFO  cn.smbms.controller.RoleController.roleList @37 :-> role list=====
2019-08-30 at 16:33:48 CST INFO  cn.smbms.controller.RoleController.view @127 :-> role view=====
2019-08-30 at 16:33:50 CST INFO  cn.smbms.controller.RoleController.roleList @37 :-> role list=====
2019-08-30 at 16:33:50 CST INFO  cn.smbms.controller.RoleController.view @127 :-> role view=====
2019-08-30 at 16:33:51 CST INFO  cn.smbms.controller.RoleController.roleList @37 :-> role list=====
2019-08-30 at 16:33:52 CST INFO  cn.smbms.controller.RoleController.view @127 :-> role view=====
2019-08-30 at 16:33:53 CST INFO  cn.smbms.controller.RoleController.roleList @37 :-> role list=====
2019-08-30 at 17:01:48 CST INFO  org.springframework.web.context.ContextLoader.initWebApplicationContext @270 :-> Root WebApplicationContext: initialization started
2019-08-30 at 17:01:53 CST INFO  org.hibernate.validator.internal.util.Version.<clinit> @30 :-> HV000001: Hibernate Validator 5.4.1.Final
2019-08-30 at 17:01:54 CST INFO  org.springframework.web.context.ContextLoader.initWebApplicationContext @306 :-> Root WebApplicationContext initialized in 5761 ms
2019-08-30 at 17:01:54 CST INFO  org.springframework.web.servlet.FrameworkServlet.initServletBean @524 :-> Initializing Servlet 'dispatcherServlet'
2019-08-30 at 17:01:55 CST INFO  org.springframework.web.servlet.FrameworkServlet.initServletBean @546 :-> Completed initialization in 419 ms
2019-08-30 at 17:03:47 CST WARN  org.springframework.web.servlet.DispatcherServlet.noHandlerFound @1248 :-> No mapping for GET /favicon.ico
2019-08-30 at 17:04:12 CST INFO  cn.smbms.controller.BillController.getBillList @44 :-> get bill list ============
2019-08-30 at 17:07:10 CST INFO  org.springframework.web.context.ContextLoader.initWebApplicationContext @270 :-> Root WebApplicationContext: initialization started
2019-08-30 at 17:07:16 CST INFO  org.hibernate.validator.internal.util.Version.<clinit> @30 :-> HV000001: Hibernate Validator 5.4.1.Final
2019-08-30 at 17:07:17 CST INFO  org.springframework.web.context.ContextLoader.initWebApplicationContext @306 :-> Root WebApplicationContext initialized in 7293 ms
2019-08-30 at 17:07:18 CST INFO  org.springframework.web.servlet.FrameworkServlet.initServletBean @524 :-> Initializing Servlet 'dispatcherServlet'
2019-08-30 at 17:07:18 CST INFO  org.springframework.web.servlet.FrameworkServlet.initServletBean @546 :-> Completed initialization in 430 ms
2019-08-30 at 17:07:40 CST WARN  org.springframework.web.servlet.DispatcherServlet.noHandlerFound @1248 :-> No mapping for GET /favicon.ico
2019-08-30 at 17:08:28 CST INFO  cn.smbms.controller.BillController.getBillList @44 :-> get bill list ============
2019-08-30 at 17:13:21 CST INFO  org.springframework.web.context.ContextLoader.initWebApplicationContext @270 :-> Root WebApplicationContext: initialization started
2019-08-30 at 17:13:27 CST INFO  org.hibernate.validator.internal.util.Version.<clinit> @30 :-> HV000001: Hibernate Validator 5.4.1.Final
2019-08-30 at 17:13:28 CST INFO  org.springframework.web.context.ContextLoader.initWebApplicationContext @306 :-> Root WebApplicationContext initialized in 6624 ms
2019-08-30 at 17:13:28 CST INFO  org.springframework.web.servlet.FrameworkServlet.initServletBean @524 :-> Initializing Servlet 'dispatcherServlet'
2019-08-30 at 17:13:29 CST INFO  org.springframework.web.servlet.FrameworkServlet.initServletBean @546 :-> Completed initialization in 554 ms
2019-08-30 at 17:13:31 CST WARN  org.springframework.web.servlet.DispatcherServlet.noHandlerFound @1248 :-> No mapping for GET /favicon.ico
2019-08-30 at 17:13:39 CST INFO  cn.smbms.controller.BillController.getBillList @44 :-> get bill list ============
2019-08-30 at 17:20:00 CST INFO  org.springframework.web.context.ContextLoader.initWebApplicationContext @270 :-> Root WebApplicationContext: initialization started
2019-08-30 at 17:20:04 CST INFO  org.hibernate.validator.internal.util.Version.<clinit> @30 :-> HV000001: Hibernate Validator 5.4.1.Final
2019-08-30 at 17:20:05 CST INFO  org.springframework.web.context.ContextLoader.initWebApplicationContext @306 :-> Root WebApplicationContext initialized in 5489 ms
2019-08-30 at 17:20:06 CST INFO  org.springframework.web.servlet.FrameworkServlet.initServletBean @524 :-> Initializing Servlet 'dispatcherServlet'
2019-08-30 at 17:20:06 CST INFO  org.springframework.web.servlet.FrameworkServlet.initServletBean @546 :-> Completed initialization in 508 ms
2019-08-30 at 17:20:17 CST INFO  cn.smbms.controller.BillController.getBillList @44 :-> get bill list ============
2019-08-30 at 17:21:46 CST INFO  org.springframework.web.context.ContextLoader.initWebApplicationContext @270 :-> Root WebApplicationContext: initialization started
2019-08-30 at 17:21:52 CST INFO  org.hibernate.validator.internal.util.Version.<clinit> @30 :-> HV000001: Hibernate Validator 5.4.1.Final
2019-08-30 at 17:21:53 CST INFO  org.springframework.web.context.ContextLoader.initWebApplicationContext @306 :-> Root WebApplicationContext initialized in 7304 ms
2019-08-30 at 17:21:54 CST INFO  org.springframework.web.servlet.FrameworkServlet.initServletBean @524 :-> Initializing Servlet 'dispatcherServlet'
2019-08-30 at 17:21:54 CST INFO  org.springframework.web.servlet.FrameworkServlet.initServletBean @546 :-> Completed initialization in 482 ms
2019-08-30 at 17:22:33 CST INFO  cn.smbms.controller.BillController.getBillList @44 :-> get bill list ============
2019-08-30 at 17:32:08 CST INFO  org.springframework.web.context.ContextLoader.initWebApplicationContext @270 :-> Root WebApplicationContext: initialization started
2019-08-30 at 17:32:13 CST INFO  org.hibernate.validator.internal.util.Version.<clinit> @30 :-> HV000001: Hibernate Validator 5.4.1.Final
2019-08-30 at 17:32:15 CST INFO  org.springframework.web.context.ContextLoader.initWebApplicationContext @306 :-> Root WebApplicationContext initialized in 6634 ms
2019-08-30 at 17:32:15 CST INFO  org.springframework.web.servlet.FrameworkServlet.initServletBean @524 :-> Initializing Servlet 'dispatcherServlet'
2019-08-30 at 17:32:16 CST INFO  org.springframework.web.servlet.FrameworkServlet.initServletBean @546 :-> Completed initialization in 464 ms
2019-08-30 at 17:32:18 CST WARN  org.springframework.web.servlet.DispatcherServlet.noHandlerFound @1248 :-> No mapping for GET /favicon.ico
2019-08-30 at 17:32:27 CST INFO  cn.smbms.controller.BillController.getBillList @44 :-> get bill list ============
2019-08-30 at 17:34:44 CST INFO  org.springframework.web.context.ContextLoader.initWebApplicationContext @270 :-> Root WebApplicationContext: initialization started
2019-08-30 at 17:34:50 CST INFO  org.hibernate.validator.internal.util.Version.<clinit> @30 :-> HV000001: Hibernate Validator 5.4.1.Final
2019-08-30 at 17:34:51 CST INFO  org.springframework.web.context.ContextLoader.initWebApplicationContext @306 :-> Root WebApplicationContext initialized in 7449 ms
2019-08-30 at 17:34:52 CST INFO  org.springframework.web.servlet.FrameworkServlet.initServletBean @524 :-> Initializing Servlet 'dispatcherServlet'
2019-08-30 at 17:34:52 CST INFO  org.springframework.web.servlet.FrameworkServlet.initServletBean @546 :-> Completed initialization in 437 ms
2019-08-30 at 17:34:59 CST WARN  org.springframework.web.servlet.DispatcherServlet.noHandlerFound @1248 :-> No mapping for GET /favicon.ico
2019-08-30 at 17:35:07 CST INFO  cn.smbms.controller.BillController.getBillList @44 :-> get bill list ============
2019-08-30 at 17:38:23 CST INFO  org.springframework.web.context.ContextLoader.initWebApplicationContext @270 :-> Root WebApplicationContext: initialization started
2019-08-30 at 17:38:28 CST INFO  org.hibernate.validator.internal.util.Version.<clinit> @30 :-> HV000001: Hibernate Validator 5.4.1.Final
2019-08-30 at 17:38:29 CST INFO  org.springframework.web.context.ContextLoader.initWebApplicationContext @306 :-> Root WebApplicationContext initialized in 6220 ms
2019-08-30 at 17:38:29 CST INFO  org.springframework.web.servlet.FrameworkServlet.initServletBean @524 :-> Initializing Servlet 'dispatcherServlet'
2019-08-30 at 17:38:30 CST INFO  org.springframework.web.servlet.FrameworkServlet.initServletBean @546 :-> Completed initialization in 487 ms
2019-08-30 at 17:38:32 CST WARN  org.springframework.web.servlet.DispatcherServlet.noHandlerFound @1248 :-> No mapping for GET /favicon.ico
2019-08-30 at 17:38:40 CST INFO  cn.smbms.controller.BillController.getBillList @44 :-> get bill list ============
2019-08-30 at 17:39:02 CST INFO  cn.smbms.controller.UserController.getUserList @47 :-> getUserList ----> queryUserName:null
2019-08-30 at 17:39:02 CST INFO  cn.smbms.controller.UserController.getUserList @48 :-> getUserList ----> queryUserRole:null
2019-08-30 at 17:39:02 CST INFO  cn.smbms.controller.UserController.getUserList @49 :-> getUserList ----> pageIndex:null
2019-08-30 at 17:39:04 CST INFO  cn.smbms.controller.UserController.getUserList @47 :-> getUserList ----> queryUserName:
2019-08-30 at 17:39:04 CST INFO  cn.smbms.controller.UserController.getUserList @48 :-> getUserList ----> queryUserRole:0
2019-08-30 at 17:39:04 CST INFO  cn.smbms.controller.UserController.getUserList @49 :-> getUserList ----> pageIndex:2
2019-08-30 at 17:39:06 CST INFO  cn.smbms.controller.UserController.getUserList @47 :-> getUserList ----> queryUserName:
2019-08-30 at 17:39:06 CST INFO  cn.smbms.controller.UserController.getUserList @48 :-> getUserList ----> queryUserRole:0
2019-08-30 at 17:39:06 CST INFO  cn.smbms.controller.UserController.getUserList @49 :-> getUserList ----> pageIndex:3
2019-08-30 at 17:39:08 CST INFO  cn.smbms.controller.BillController.getBillList @44 :-> get bill list ============
2019-08-30 at 17:40:22 CST INFO  cn.smbms.controller.BillController.getBillList @44 :-> get bill list ============
2019-08-30 at 17:40:25 CST INFO  cn.smbms.controller.UserController.getUserList @47 :-> getUserList ----> queryUserName:null
2019-08-30 at 17:40:25 CST INFO  cn.smbms.controller.UserController.getUserList @48 :-> getUserList ----> queryUserRole:null
2019-08-30 at 17:40:25 CST INFO  cn.smbms.controller.UserController.getUserList @49 :-> getUserList ----> pageIndex:null
2019-08-30 at 17:40:30 CST INFO  cn.smbms.controller.BillController.getBillList @44 :-> get bill list ============
2019-08-30 at 17:41:31 CST INFO  cn.smbms.controller.BillController.getBillList @44 :-> get bill list ============
2019-08-30 at 17:41:39 CST INFO  cn.smbms.controller.BillController.getBillList @44 :-> get bill list ============
2019-08-30 at 17:42:56 CST INFO  cn.smbms.controller.BillController.getBillList @44 :-> get bill list ============
2019-08-30 at 17:42:59 CST INFO  cn.smbms.controller.BillController.getBillList @44 :-> get bill list ============
2019-08-30 at 17:43:00 CST INFO  cn.smbms.controller.BillController.getBillList @44 :-> get bill list ============
2019-08-30 at 17:43:17 CST INFO  cn.smbms.controller.BillController.getBillList @44 :-> get bill list ============
2019-08-30 at 17:43:20 CST INFO  cn.smbms.controller.BillController.getBillList @44 :-> get bill list ============
2019-08-30 at 17:43:31 CST INFO  cn.smbms.controller.UserController.getUserList @47 :-> getUserList ----> queryUserName:null
2019-08-30 at 17:43:31 CST INFO  cn.smbms.controller.UserController.getUserList @48 :-> getUserList ----> queryUserRole:null
2019-08-30 at 17:43:31 CST INFO  cn.smbms.controller.UserController.getUserList @49 :-> getUserList ----> pageIndex:null
2019-08-30 at 17:43:33 CST INFO  cn.smbms.controller.UserController.getUserList @47 :-> getUserList ----> queryUserName:
2019-08-30 at 17:43:33 CST INFO  cn.smbms.controller.UserController.getUserList @48 :-> getUserList ----> queryUserRole:0
2019-08-30 at 17:43:33 CST INFO  cn.smbms.controller.UserController.getUserList @49 :-> getUserList ----> pageIndex:2
2019-08-30 at 17:43:34 CST INFO  cn.smbms.controller.UserController.getUserList @47 :-> getUserList ----> queryUserName:
2019-08-30 at 17:43:34 CST INFO  cn.smbms.controller.UserController.getUserList @48 :-> getUserList ----> queryUserRole:0
2019-08-30 at 17:43:34 CST INFO  cn.smbms.controller.UserController.getUserList @49 :-> getUserList ----> pageIndex:3
2019-08-30 at 17:43:35 CST INFO  cn.smbms.controller.UserController.getUserList @47 :-> getUserList ----> queryUserName:
2019-08-30 at 17:43:35 CST INFO  cn.smbms.controller.UserController.getUserList @48 :-> getUserList ----> queryUserRole:0
2019-08-30 at 17:43:35 CST INFO  cn.smbms.controller.UserController.getUserList @49 :-> getUserList ----> pageIndex:1
2019-08-30 at 17:44:26 CST INFO  cn.smbms.controller.UserController.getUserList @47 :-> getUserList ----> queryUserName:
2019-08-30 at 17:44:26 CST INFO  cn.smbms.controller.UserController.getUserList @48 :-> getUserList ----> queryUserRole:0
2019-08-30 at 17:44:26 CST INFO  cn.smbms.controller.UserController.getUserList @49 :-> getUserList ----> pageIndex:1
2019-08-30 at 17:44:27 CST INFO  cn.smbms.controller.BillController.getBillList @44 :-> get bill list ============
2019-08-30 at 17:44:31 CST INFO  cn.smbms.controller.UserController.getUserList @47 :-> getUserList ----> queryUserName:null
2019-08-30 at 17:44:31 CST INFO  cn.smbms.controller.UserController.getUserList @48 :-> getUserList ----> queryUserRole:null
2019-08-30 at 17:44:31 CST INFO  cn.smbms.controller.UserController.getUserList @49 :-> getUserList ----> pageIndex:null
2019-08-30 at 17:44:32 CST INFO  cn.smbms.controller.UserController.getUserList @47 :-> getUserList ----> queryUserName:
2019-08-30 at 17:44:32 CST INFO  cn.smbms.controller.UserController.getUserList @48 :-> getUserList ----> queryUserRole:0
2019-08-30 at 17:44:32 CST INFO  cn.smbms.controller.UserController.getUserList @49 :-> getUserList ----> pageIndex:2
2019-08-30 at 17:44:32 CST INFO  cn.smbms.controller.BillController.getBillList @44 :-> get bill list ============
2019-08-30 at 17:46:10 CST INFO  org.springframework.web.context.ContextLoader.initWebApplicationContext @270 :-> Root WebApplicationContext: initialization started
2019-08-30 at 17:46:17 CST INFO  org.hibernate.validator.internal.util.Version.<clinit> @30 :-> HV000001: Hibernate Validator 5.4.1.Final
2019-08-30 at 17:46:19 CST INFO  org.springframework.web.context.ContextLoader.initWebApplicationContext @306 :-> Root WebApplicationContext initialized in 9494 ms
2019-08-30 at 17:46:20 CST INFO  org.springframework.web.servlet.FrameworkServlet.initServletBean @524 :-> Initializing Servlet 'dispatcherServlet'
2019-08-30 at 17:46:20 CST INFO  org.springframework.web.servlet.FrameworkServlet.initServletBean @546 :-> Completed initialization in 585 ms
2019-08-30 at 17:46:23 CST WARN  org.springframework.web.servlet.DispatcherServlet.noHandlerFound @1248 :-> No mapping for GET /favicon.ico
2019-08-30 at 17:46:32 CST INFO  cn.smbms.controller.BillController.getBillList @44 :-> get bill list ============
2019-08-30 at 17:46:53 CST INFO  cn.smbms.controller.UserController.getUserList @47 :-> getUserList ----> queryUserName:null
2019-08-30 at 17:46:53 CST INFO  cn.smbms.controller.UserController.getUserList @48 :-> getUserList ----> queryUserRole:null
2019-08-30 at 17:46:53 CST INFO  cn.smbms.controller.UserController.getUserList @49 :-> getUserList ----> pageIndex:null
2019-08-30 at 17:46:59 CST INFO  cn.smbms.controller.UserController.getUserList @47 :-> getUserList ----> queryUserName:
2019-08-30 at 17:46:59 CST INFO  cn.smbms.controller.UserController.getUserList @48 :-> getUserList ----> queryUserRole:0
2019-08-30 at 17:46:59 CST INFO  cn.smbms.controller.UserController.getUserList @49 :-> getUserList ----> pageIndex:2
2019-08-30 at 17:47:12 CST INFO  cn.smbms.controller.BillController.getBillList @44 :-> get bill list ============
2019-08-30 at 17:48:34 CST INFO  cn.smbms.controller.BillController.getBillList @44 :-> get bill list ============
2019-08-30 at 17:49:45 CST INFO  cn.smbms.controller.BillController.getBillList @44 :-> get bill list ============
2019-08-30 at 17:53:16 CST INFO  org.springframework.web.context.ContextLoader.initWebApplicationContext @270 :-> Root WebApplicationContext: initialization started
2019-08-30 at 17:53:21 CST INFO  org.hibernate.validator.internal.util.Version.<clinit> @30 :-> HV000001: Hibernate Validator 5.4.1.Final
2019-08-30 at 17:53:23 CST INFO  org.springframework.web.context.ContextLoader.initWebApplicationContext @306 :-> Root WebApplicationContext initialized in 6707 ms
2019-08-30 at 17:53:23 CST INFO  org.springframework.web.servlet.FrameworkServlet.initServletBean @524 :-> Initializing Servlet 'dispatcherServlet'
2019-08-30 at 17:53:24 CST INFO  org.springframework.web.servlet.FrameworkServlet.initServletBean @546 :-> Completed initialization in 512 ms
2019-08-30 at 17:53:33 CST INFO  cn.smbms.controller.BillController.getBillList @44 :-> get bill list ============
2019-08-30 at 17:53:55 CST INFO  cn.smbms.controller.BillController.getBillList @44 :-> get bill list ============
